TN:
SF:contracts/Stacking.sol
FN:21,Stacking.calculateReward
FNDA:2,Stacking.calculateReward
DA:22,6
DA:23,6
DA:25,6
DA:26,6
FN:32,Stacking.stake
FNDA:5,Stacking.stake
DA:33,5
DA:34,5
DA:35,5
DA:36,5
FN:43,Stacking.unstake
FNDA:4,Stacking.unstake
DA:44,4
DA:45,4
DA:46,4
BRDA:46,0,0,1
BRDA:46,0,1,3
DA:47,3
BRDA:47,1,0,1
BRDA:47,1,1,2
DA:49,2
BRDA:49,2,0,1
BRDA:49,2,1,2
DA:50,1
DA:52,2
DA:53,2
DA:55,2
FN:58,Stacking.transfertTo
FNDA:0,Stacking.transfertTo
DA:59,0
FNF:4
FNH:3
LF:18
LH:17
BRF:6
BRH:6
end_of_record
